Flow report for Five_Stage_Processor
Wed Dec 11 14:27:14 2019
Quartus Prime Version 18.1.0 Build 625 09/12/2018 SJ Lite Edition


---------------------
; Table of Contents ;
---------------------
  1. Legal Notice
  2. Flow Summary
  3. Flow Settings
  4. Flow Non-Default Global Settings
  5. Flow Elapsed Time
  6. Flow OS Summary
  7. Flow Log
  8. Flow Messages
  9. Flow Suppressed Messages



----------------
; Legal Notice ;
----------------
Copyright (C) 2018  Intel Corporation. All rights reserved.
Your use of Intel Corporation's design tools, logic functions 
and other software and tools, and its AMPP partner logic 
functions, and any output files from any of the foregoing 
(including device programming or simulation files), and any 
associated documentation or information are expressly subject 
to the terms and conditions of the Intel Program License 
Subscription Agreement, the Intel Quartus Prime License Agreement,
the Intel FPGA IP License Agreement, or other applicable license
agreement, including, without limitation, that your use is for
the sole purpose of programming logic devices manufactured by
Intel and sold by Intel or its authorized distributors.  Please
refer to the applicable agreement for further details.



+-------------------------------------------------------------------------------+
; Flow Summary                                                                  ;
+---------------------------------+---------------------------------------------+
; Flow Status                     ; Successful - Wed Dec 11 14:27:14 2019       ;
; Quartus Prime Version           ; 18.1.0 Build 625 09/12/2018 SJ Lite Edition ;
; Revision Name                   ; Five_Stage_Processor                        ;
; Top-level Entity Name           ; Five_Stage_Processor                        ;
; Family                          ; Cyclone V                                   ;
; Device                          ; 5CEBA4F23C7                                 ;
; Timing Models                   ; Final                                       ;
; Logic utilization (in ALMs)     ; 1,765 / 18,480 ( 10 % )                     ;
; Total registers                 ; 1266                                        ;
; Total pins                      ; 19 / 224 ( 8 % )                            ;
; Total virtual pins              ; 0                                           ;
; Total block memory bits         ; 314,368 / 3,153,920 ( 10 % )                ;
; Total DSP Blocks                ; 1 / 66 ( 2 % )                              ;
; Total HSSI RX PCSs              ; 0                                           ;
; Total HSSI PMA RX Deserializers ; 0                                           ;
; Total HSSI TX PCSs              ; 0                                           ;
; Total HSSI PMA TX Serializers   ; 0                                           ;
; Total PLLs                      ; 1 / 4 ( 25 % )                              ;
; Total DLLs                      ; 0 / 4 ( 0 % )                               ;
+---------------------------------+---------------------------------------------+


+------------------------------------------+
; Flow Settings                            ;
+-------------------+----------------------+
; Option            ; Setting              ;
+-------------------+----------------------+
; Start date & time ; 12/11/2019 14:07:35  ;
; Main task         ; Compilation          ;
; Revision Name     ; Five_Stage_Processor ;
+-------------------+----------------------+


+-------------------------------------------------------------------------------------------------------------------------+
; Flow Non-Default Global Settings                                                                                        ;
+-------------------------------------+----------------------------------------+---------------+-------------+------------+
; Assignment Name                     ; Value                                  ; Default Value ; Entity Name ; Section Id ;
+-------------------------------------+----------------------------------------+---------------+-------------+------------+
; COMPILER_SIGNATURE_ID               ; 35490513904957.157609125406392         ; --            ; --          ; --         ;
; MAX_CORE_JUNCTION_TEMP              ; 85                                     ; --            ; --          ; --         ;
; MIN_CORE_JUNCTION_TEMP              ; 0                                      ; --            ; --          ; --         ;
; MISC_FILE                           ; two_mux.bsf                            ; --            ; --          ; --         ;
; MISC_FILE                           ; two_mux_bb.v                           ; --            ; --          ; --         ;
; MISC_FILE                           ; instruction_memory.bsf                 ; --            ; --          ; --         ;
; MISC_FILE                           ; instruction_memory_bb.v                ; --            ; --          ; --         ;
; MISC_FILE                           ; data_memory.bsf                        ; --            ; --          ; --         ;
; MISC_FILE                           ; data_memory_bb.v                       ; --            ; --          ; --         ;
; MISC_FILE                           ; clk_mux/clk_mux.bsf                    ; --            ; --          ; --         ;
; MISC_FILE                           ; clk_mux/clk_mux_bb.v                   ; --            ; --          ; --         ;
; MISC_FILE                           ; misc_muxes/RegDst_mux.bsf              ; --            ; --          ; --         ;
; MISC_FILE                           ; misc_muxes/RegDst_mux_bb.v             ; --            ; --          ; --         ;
; MISC_FILE                           ; misc_muxes/forawrding_mux.bsf          ; --            ; --          ; --         ;
; MISC_FILE                           ; misc_muxes/forawrding_mux_bb.v         ; --            ; --          ; --         ;
; MISC_FILE                           ; misc_muxes/branch_mux.bsf              ; --            ; --          ; --         ;
; MISC_FILE                           ; misc_muxes/branch_mux_bb.v             ; --            ; --          ; --         ;
; NUM_PARALLEL_PROCESSORS             ; All                                    ; --            ; --          ; --         ;
; PARTITION_COLOR                     ; -- (Not supported for targeted family) ; --            ; DE0_CV      ; Top        ;
; PARTITION_COLOR                     ; -- (Not supported for targeted family) ; --            ; --          ; Top        ;
; PARTITION_FITTER_PRESERVATION_LEVEL ; -- (Not supported for targeted family) ; --            ; DE0_CV      ; Top        ;
; PARTITION_FITTER_PRESERVATION_LEVEL ; -- (Not supported for targeted family) ; --            ; --          ; Top        ;
; PARTITION_NETLIST_TYPE              ; -- (Not supported for targeted family) ; --            ; DE0_CV      ; Top        ;
; PARTITION_NETLIST_TYPE              ; -- (Not supported for targeted family) ; --            ; --          ; Top        ;
; POWER_BOARD_THERMAL_MODEL           ; None (CONSERVATIVE)                    ; --            ; --          ; --         ;
; POWER_PRESET_COOLING_SOLUTION       ; 23 MM HEAT SINK WITH 200 LFPM AIRFLOW  ; --            ; --          ; --         ;
; PROJECT_OUTPUT_DIRECTORY            ; output_files                           ; --            ; --          ; --         ;
; SMART_RECOMPILE                     ; On                                     ; Off           ; --          ; --         ;
+-------------------------------------+----------------------------------------+---------------+-------------+------------+


+--------------------------------------------------------------------------------------------------------------------------+
; Flow Elapsed Time                                                                                                        ;
+----------------------+--------------+-------------------------+---------------------+------------------------------------+
; Module Name          ; Elapsed Time ; Average Processors Used ; Peak Virtual Memory ; Total CPU Time (on all processors) ;
+----------------------+--------------+-------------------------+---------------------+------------------------------------+
; Analysis & Synthesis ; 00:00:37     ; 1.0                     ; 4949 MB             ; 00:01:00                           ;
; Fitter               ; 00:03:34     ; 1.1                     ; 6451 MB             ; 00:06:14                           ;
; Assembler            ; 00:00:07     ; 1.0                     ; 4851 MB             ; 00:00:07                           ;
; Timing Analyzer      ; 00:00:23     ; 1.7                     ; 5175 MB             ; 00:00:36                           ;
; MIF/HEX Update       ; 00:00:09     ; 1.0                     ; 4847 MB             ; 00:00:09                           ;
; Assembler            ; 00:00:07     ; 1.0                     ; 4853 MB             ; 00:00:08                           ;
; MIF/HEX Update       ; 00:00:09     ; 1.0                     ; 4844 MB             ; 00:00:09                           ;
; Assembler            ; 00:00:07     ; 1.0                     ; 4855 MB             ; 00:00:07                           ;
; Total                ; 00:05:13     ; --                      ; --                  ; 00:08:30                           ;
+----------------------+--------------+-------------------------+---------------------+------------------------------------+


+------------------------------------------------------------------------------------+
; Flow OS Summary                                                                    ;
+----------------------+------------------+------------+------------+----------------+
; Module Name          ; Machine Hostname ; OS Name    ; OS Version ; Processor type ;
+----------------------+------------------+------------+------------+----------------+
; Analysis & Synthesis ; DESKTOP-3E2M2OG  ; Windows 10 ; 10.0       ; x86_64         ;
; Fitter               ; DESKTOP-3E2M2OG  ; Windows 10 ; 10.0       ; x86_64         ;
; Assembler            ; DESKTOP-3E2M2OG  ; Windows 10 ; 10.0       ; x86_64         ;
; Timing Analyzer      ; DESKTOP-3E2M2OG  ; Windows 10 ; 10.0       ; x86_64         ;
; MIF/HEX Update       ; DESKTOP-3E2M2OG  ; Windows 10 ; 10.0       ; x86_64         ;
; Assembler            ; DESKTOP-3E2M2OG  ; Windows 10 ; 10.0       ; x86_64         ;
; MIF/HEX Update       ; DESKTOP-3E2M2OG  ; Windows 10 ; 10.0       ; x86_64         ;
; Assembler            ; DESKTOP-3E2M2OG  ; Windows 10 ; 10.0       ; x86_64         ;
+----------------------+------------------+------------+------------+----------------+


------------
; Flow Log ;
------------
quartus_map --read_settings_files=on --write_settings_files=off Five_Stage_Processor -c Five_Stage_Processor
quartus_fit --read_settings_files=off --write_settings_files=off Five_Stage_Processor -c Five_Stage_Processor
quartus_asm --read_settings_files=off --write_settings_files=off Five_Stage_Processor -c Five_Stage_Processor
quartus_sta Five_Stage_Processor -c Five_Stage_Processor
quartus_cdb Five_Stage_Processor -c Five_Stage_Processor --update_mif
quartus_asm --read_settings_files=on --write_settings_files=off Five_Stage_Processor -c Five_Stage_Processor
quartus_cdb Five_Stage_Processor -c Five_Stage_Processor --update_mif
quartus_asm --read_settings_files=on --write_settings_files=off Five_Stage_Processor -c Five_Stage_Processor



